Determining if the pthread_create exist failed with the following output:
Change Dir: /usr/local/zed/sample/interfaces/pcl/build/CMakeFiles/CMakeTmp

Run Build Command:"/usr/bin/make" "cmTC_7d95d/fast"
/usr/bin/make -f CMakeFiles/cmTC_7d95d.dir/build.make CMakeFiles/cmTC_7d95d.dir/build
make[1]: ディレクトリ '/usr/local/zed/sample/interfaces/pcl/build/CMakeFiles/CMakeTmp' に入ります
Building C object CMakeFiles/cmTC_7d95d.dir/CheckSymbolExists.c.o
/usr/bin/cc    -fPIC    -o CMakeFiles/cmTC_7d95d.dir/CheckSymbolExists.c.o   -c /usr/local/zed/sample/interfaces/pcl/build/CMakeFiles/CMakeTmp/CheckSymbolExists.c
Linking C executable cmTC_7d95d
/usr/bin/cmake -E cmake_link_script CMakeFiles/cmTC_7d95d.dir/link.txt --verbose=1
/usr/bin/cc  -fPIC     CMakeFiles/cmTC_7d95d.dir/CheckSymbolExists.c.o  -o cmTC_7d95d -rdynamic 
CMakeFiles/cmTC_7d95d.dir/CheckSymbolExists.c.o: 関数 `main' 内:
CheckSymbolExists.c:(.text+0x1b): `pthread_create' に対する定義されていない参照です
collect2: error: ld returned 1 exit status
CMakeFiles/cmTC_7d95d.dir/build.make:97: ターゲット 'cmTC_7d95d' のレシピで失敗しました
make[1]: *** [cmTC_7d95d] エラー 1
make[1]: ディレクトリ '/usr/local/zed/sample/interfaces/pcl/build/CMakeFiles/CMakeTmp' から出ます
Makefile:126: ターゲット 'cmTC_7d95d/fast' のレシピで失敗しました
make: *** [cmTC_7d95d/fast] エラー 2

File /usr/local/zed/sample/interfaces/pcl/build/CMakeFiles/CMakeTmp/CheckSymbolExists.c:
/* */
#include <pthread.h>

int main(int argc, char** argv)
{
  (void)argv;
#ifndef pthread_create
  return ((int*)(&pthread_create))[argc];
#else
  (void)argc;
  return 0;
#endif
}

Determining if the function pthread_create exists in the pthreads failed with the following output:
Change Dir: /usr/local/zed/sample/interfaces/pcl/build/CMakeFiles/CMakeTmp

Run Build Command:"/usr/bin/make" "cmTC_099fe/fast"
/usr/bin/make -f CMakeFiles/cmTC_099fe.dir/build.make CMakeFiles/cmTC_099fe.dir/build
make[1]: ディレクトリ '/usr/local/zed/sample/interfaces/pcl/build/CMakeFiles/CMakeTmp' に入ります
Building C object CMakeFiles/cmTC_099fe.dir/CheckFunctionExists.c.o
/usr/bin/cc    -fPIC -DCHECK_FUNCTION_EXISTS=pthread_create   -o CMakeFiles/cmTC_099fe.dir/CheckFunctionExists.c.o   -c /usr/share/cmake-3.5/Modules/CheckFunctionExists.c
Linking C executable cmTC_099fe
/usr/bin/cmake -E cmake_link_script CMakeFiles/cmTC_099fe.dir/link.txt --verbose=1
/usr/bin/cc  -fPIC -DCHECK_FUNCTION_EXISTS=pthread_create    CMakeFiles/cmTC_099fe.dir/CheckFunctionExists.c.o  -o cmTC_099fe -rdynamic -lpthreads 
/usr/bin/ld: -lpthreads が見つかりません
collect2: error: ld returned 1 exit status
CMakeFiles/cmTC_099fe.dir/build.make:97: ターゲット 'cmTC_099fe' のレシピで失敗しました
make[1]: *** [cmTC_099fe] エラー 1
make[1]: ディレクトリ '/usr/local/zed/sample/interfaces/pcl/build/CMakeFiles/CMakeTmp' から出ます
Makefile:126: ターゲット 'cmTC_099fe/fast' のレシピで失敗しました
make: *** [cmTC_099fe/fast] エラー 2


Determining if the pthread_create exist failed with the following output:
Change Dir: /usr/local/zed/sample/interfaces/pcl/build/CMakeFiles/CMakeTmp

Run Build Command:"/usr/bin/make" "cmTC_75d2f/fast"
/usr/bin/make -f CMakeFiles/cmTC_75d2f.dir/build.make CMakeFiles/cmTC_75d2f.dir/build
make[1]: ディレクトリ '/usr/local/zed/sample/interfaces/pcl/build/CMakeFiles/CMakeTmp' に入ります
Building C object CMakeFiles/cmTC_75d2f.dir/CheckSymbolExists.c.o
/usr/bin/cc    -fPIC    -o CMakeFiles/cmTC_75d2f.dir/CheckSymbolExists.c.o   -c /usr/local/zed/sample/interfaces/pcl/build/CMakeFiles/CMakeTmp/CheckSymbolExists.c
Linking C executable cmTC_75d2f
/usr/bin/cmake -E cmake_link_script CMakeFiles/cmTC_75d2f.dir/link.txt --verbose=1
/usr/bin/cc  -fPIC     CMakeFiles/cmTC_75d2f.dir/CheckSymbolExists.c.o  -o cmTC_75d2f -rdynamic 
CMakeFiles/cmTC_75d2f.dir/CheckSymbolExists.c.o: 関数 `main' 内:
CheckSymbolExists.c:(.text+0x1b): `pthread_create' に対する定義されていない参照です
collect2: error: ld returned 1 exit status
CMakeFiles/cmTC_75d2f.dir/build.make:97: ターゲット 'cmTC_75d2f' のレシピで失敗しました
make[1]: *** [cmTC_75d2f] エラー 1
make[1]: ディレクトリ '/usr/local/zed/sample/interfaces/pcl/build/CMakeFiles/CMakeTmp' から出ます
Makefile:126: ターゲット 'cmTC_75d2f/fast' のレシピで失敗しました
make: *** [cmTC_75d2f/fast] エラー 2

File /usr/local/zed/sample/interfaces/pcl/build/CMakeFiles/CMakeTmp/CheckSymbolExists.c:
/* */
#include <pthread.h>

int main(int argc, char** argv)
{
  (void)argv;
#ifndef pthread_create
  return ((int*)(&pthread_create))[argc];
#else
  (void)argc;
  return 0;
#endif
}

Determining if the function pthread_create exists in the pthreads failed with the following output:
Change Dir: /usr/local/zed/sample/interfaces/pcl/build/CMakeFiles/CMakeTmp

Run Build Command:"/usr/bin/make" "cmTC_02faa/fast"
/usr/bin/make -f CMakeFiles/cmTC_02faa.dir/build.make CMakeFiles/cmTC_02faa.dir/build
make[1]: ディレクトリ '/usr/local/zed/sample/interfaces/pcl/build/CMakeFiles/CMakeTmp' に入ります
Building C object CMakeFiles/cmTC_02faa.dir/CheckFunctionExists.c.o
/usr/bin/cc    -fPIC -DCHECK_FUNCTION_EXISTS=pthread_create   -o CMakeFiles/cmTC_02faa.dir/CheckFunctionExists.c.o   -c /usr/share/cmake-3.5/Modules/CheckFunctionExists.c
Linking C executable cmTC_02faa
/usr/bin/cmake -E cmake_link_script CMakeFiles/cmTC_02faa.dir/link.txt --verbose=1
/usr/bin/cc  -fPIC -DCHECK_FUNCTION_EXISTS=pthread_create    CMakeFiles/cmTC_02faa.dir/CheckFunctionExists.c.o  -o cmTC_02faa -rdynamic -lpthreads 
/usr/bin/ld: -lpthreads が見つかりません
collect2: error: ld returned 1 exit status
CMakeFiles/cmTC_02faa.dir/build.make:97: ターゲット 'cmTC_02faa' のレシピで失敗しました
make[1]: *** [cmTC_02faa] エラー 1
make[1]: ディレクトリ '/usr/local/zed/sample/interfaces/pcl/build/CMakeFiles/CMakeTmp' から出ます
Makefile:126: ターゲット 'cmTC_02faa/fast' のレシピで失敗しました
make: *** [cmTC_02faa/fast] エラー 2


