Determining if the pthread_create exist failed with the following output:
Change Dir: /usr/local/zed/sample/positional tracking/build/CMakeFiles/CMakeTmp

Run Build Command:"/usr/bin/make" "cmTC_5d9f6/fast"
/usr/bin/make -f CMakeFiles/cmTC_5d9f6.dir/build.make CMakeFiles/cmTC_5d9f6.dir/build
make[1]: ディレクトリ '/usr/local/zed/sample/positional tracking/build/CMakeFiles/CMakeTmp' に入ります
Building C object CMakeFiles/cmTC_5d9f6.dir/CheckSymbolExists.c.o
/usr/bin/cc    -fPIC    -o CMakeFiles/cmTC_5d9f6.dir/CheckSymbolExists.c.o   -c "/usr/local/zed/sample/positional tracking/build/CMakeFiles/CMakeTmp/CheckSymbolExists.c"
Linking C executable cmTC_5d9f6
/usr/bin/cmake -E cmake_link_script CMakeFiles/cmTC_5d9f6.dir/link.txt --verbose=1
/usr/bin/cc  -fPIC     CMakeFiles/cmTC_5d9f6.dir/CheckSymbolExists.c.o  -o cmTC_5d9f6 -rdynamic 
CMakeFiles/cmTC_5d9f6.dir/CheckSymbolExists.c.o: 関数 `main' 内:
CheckSymbolExists.c:(.text+0x1b): `pthread_create' に対する定義されていない参照です
collect2: error: ld returned 1 exit status
CMakeFiles/cmTC_5d9f6.dir/build.make:97: ターゲット 'cmTC_5d9f6' のレシピで失敗しました
make[1]: *** [cmTC_5d9f6] エラー 1
make[1]: ディレクトリ '/usr/local/zed/sample/positional tracking/build/CMakeFiles/CMakeTmp' から出ます
Makefile:126: ターゲット 'cmTC_5d9f6/fast' のレシピで失敗しました
make: *** [cmTC_5d9f6/fast] エラー 2

File /usr/local/zed/sample/positional tracking/build/CMakeFiles/CMakeTmp/CheckSymbolExists.c:
/* */
#include <pthread.h>

int main(int argc, char** argv)
{
  (void)argv;
#ifndef pthread_create
  return ((int*)(&pthread_create))[argc];
#else
  (void)argc;
  return 0;
#endif
}

Determining if the function pthread_create exists in the pthreads failed with the following output:
Change Dir: /usr/local/zed/sample/positional tracking/build/CMakeFiles/CMakeTmp

Run Build Command:"/usr/bin/make" "cmTC_158c7/fast"
/usr/bin/make -f CMakeFiles/cmTC_158c7.dir/build.make CMakeFiles/cmTC_158c7.dir/build
make[1]: ディレクトリ '/usr/local/zed/sample/positional tracking/build/CMakeFiles/CMakeTmp' に入ります
Building C object CMakeFiles/cmTC_158c7.dir/CheckFunctionExists.c.o
/usr/bin/cc    -fPIC -DCHECK_FUNCTION_EXISTS=pthread_create   -o CMakeFiles/cmTC_158c7.dir/CheckFunctionExists.c.o   -c /usr/share/cmake-3.5/Modules/CheckFunctionExists.c
Linking C executable cmTC_158c7
/usr/bin/cmake -E cmake_link_script CMakeFiles/cmTC_158c7.dir/link.txt --verbose=1
/usr/bin/cc  -fPIC -DCHECK_FUNCTION_EXISTS=pthread_create    CMakeFiles/cmTC_158c7.dir/CheckFunctionExists.c.o  -o cmTC_158c7 -rdynamic -lpthreads 
/usr/bin/ld: -lpthreads が見つかりません
collect2: error: ld returned 1 exit status
CMakeFiles/cmTC_158c7.dir/build.make:97: ターゲット 'cmTC_158c7' のレシピで失敗しました
make[1]: *** [cmTC_158c7] エラー 1
make[1]: ディレクトリ '/usr/local/zed/sample/positional tracking/build/CMakeFiles/CMakeTmp' から出ます
Makefile:126: ターゲット 'cmTC_158c7/fast' のレシピで失敗しました
make: *** [cmTC_158c7/fast] エラー 2


Determining if the pthread_create exist failed with the following output:
Change Dir: /usr/local/zed/sample/positional tracking/build/CMakeFiles/CMakeTmp

Run Build Command:"/usr/bin/make" "cmTC_0ef3d/fast"
/usr/bin/make -f CMakeFiles/cmTC_0ef3d.dir/build.make CMakeFiles/cmTC_0ef3d.dir/build
make[1]: ディレクトリ '/usr/local/zed/sample/positional tracking/build/CMakeFiles/CMakeTmp' に入ります
Building C object CMakeFiles/cmTC_0ef3d.dir/CheckSymbolExists.c.o
/usr/bin/cc    -fPIC    -o CMakeFiles/cmTC_0ef3d.dir/CheckSymbolExists.c.o   -c "/usr/local/zed/sample/positional tracking/build/CMakeFiles/CMakeTmp/CheckSymbolExists.c"
Linking C executable cmTC_0ef3d
/usr/bin/cmake -E cmake_link_script CMakeFiles/cmTC_0ef3d.dir/link.txt --verbose=1
/usr/bin/cc  -fPIC     CMakeFiles/cmTC_0ef3d.dir/CheckSymbolExists.c.o  -o cmTC_0ef3d -rdynamic 
CMakeFiles/cmTC_0ef3d.dir/CheckSymbolExists.c.o: 関数 `main' 内:
CheckSymbolExists.c:(.text+0x1b): `pthread_create' に対する定義されていない参照です
collect2: error: ld returned 1 exit status
CMakeFiles/cmTC_0ef3d.dir/build.make:97: ターゲット 'cmTC_0ef3d' のレシピで失敗しました
make[1]: *** [cmTC_0ef3d] エラー 1
make[1]: ディレクトリ '/usr/local/zed/sample/positional tracking/build/CMakeFiles/CMakeTmp' から出ます
Makefile:126: ターゲット 'cmTC_0ef3d/fast' のレシピで失敗しました
make: *** [cmTC_0ef3d/fast] エラー 2

File /usr/local/zed/sample/positional tracking/build/CMakeFiles/CMakeTmp/CheckSymbolExists.c:
/* */
#include <pthread.h>

int main(int argc, char** argv)
{
  (void)argv;
#ifndef pthread_create
  return ((int*)(&pthread_create))[argc];
#else
  (void)argc;
  return 0;
#endif
}

Determining if the function pthread_create exists in the pthreads failed with the following output:
Change Dir: /usr/local/zed/sample/positional tracking/build/CMakeFiles/CMakeTmp

Run Build Command:"/usr/bin/make" "cmTC_c9495/fast"
/usr/bin/make -f CMakeFiles/cmTC_c9495.dir/build.make CMakeFiles/cmTC_c9495.dir/build
make[1]: ディレクトリ '/usr/local/zed/sample/positional tracking/build/CMakeFiles/CMakeTmp' に入ります
Building C object CMakeFiles/cmTC_c9495.dir/CheckFunctionExists.c.o
/usr/bin/cc    -fPIC -DCHECK_FUNCTION_EXISTS=pthread_create   -o CMakeFiles/cmTC_c9495.dir/CheckFunctionExists.c.o   -c /usr/share/cmake-3.5/Modules/CheckFunctionExists.c
Linking C executable cmTC_c9495
/usr/bin/cmake -E cmake_link_script CMakeFiles/cmTC_c9495.dir/link.txt --verbose=1
/usr/bin/cc  -fPIC -DCHECK_FUNCTION_EXISTS=pthread_create    CMakeFiles/cmTC_c9495.dir/CheckFunctionExists.c.o  -o cmTC_c9495 -rdynamic -lpthreads 
/usr/bin/ld: -lpthreads が見つかりません
collect2: error: ld returned 1 exit status
CMakeFiles/cmTC_c9495.dir/build.make:97: ターゲット 'cmTC_c9495' のレシピで失敗しました
make[1]: *** [cmTC_c9495] エラー 1
make[1]: ディレクトリ '/usr/local/zed/sample/positional tracking/build/CMakeFiles/CMakeTmp' から出ます
Makefile:126: ターゲット 'cmTC_c9495/fast' のレシピで失敗しました
make: *** [cmTC_c9495/fast] エラー 2


