Determining if the pthread_create exist failed with the following output:
Change Dir: /usr/local/zed/sample/svo recording/build/CMakeFiles/CMakeTmp

Run Build Command:"/usr/bin/make" "cmTC_c5c2a/fast"
/usr/bin/make -f CMakeFiles/cmTC_c5c2a.dir/build.make CMakeFiles/cmTC_c5c2a.dir/build
make[1]: ディレクトリ '/usr/local/zed/sample/svo recording/build/CMakeFiles/CMakeTmp' に入ります
Building C object CMakeFiles/cmTC_c5c2a.dir/CheckSymbolExists.c.o
/usr/bin/cc    -fPIC    -o CMakeFiles/cmTC_c5c2a.dir/CheckSymbolExists.c.o   -c "/usr/local/zed/sample/svo recording/build/CMakeFiles/CMakeTmp/CheckSymbolExists.c"
Linking C executable cmTC_c5c2a
/usr/bin/cmake -E cmake_link_script CMakeFiles/cmTC_c5c2a.dir/link.txt --verbose=1
/usr/bin/cc  -fPIC     CMakeFiles/cmTC_c5c2a.dir/CheckSymbolExists.c.o  -o cmTC_c5c2a -rdynamic 
CMakeFiles/cmTC_c5c2a.dir/CheckSymbolExists.c.o: 関数 `main' 内:
CheckSymbolExists.c:(.text+0x1b): `pthread_create' に対する定義されていない参照です
collect2: error: ld returned 1 exit status
CMakeFiles/cmTC_c5c2a.dir/build.make:97: ターゲット 'cmTC_c5c2a' のレシピで失敗しました
make[1]: *** [cmTC_c5c2a] エラー 1
make[1]: ディレクトリ '/usr/local/zed/sample/svo recording/build/CMakeFiles/CMakeTmp' から出ます
Makefile:126: ターゲット 'cmTC_c5c2a/fast' のレシピで失敗しました
make: *** [cmTC_c5c2a/fast] エラー 2

File /usr/local/zed/sample/svo recording/build/CMakeFiles/CMakeTmp/CheckSymbolExists.c:
/* */
#include <pthread.h>

int main(int argc, char** argv)
{
  (void)argv;
#ifndef pthread_create
  return ((int*)(&pthread_create))[argc];
#else
  (void)argc;
  return 0;
#endif
}

Determining if the function pthread_create exists in the pthreads failed with the following output:
Change Dir: /usr/local/zed/sample/svo recording/build/CMakeFiles/CMakeTmp

Run Build Command:"/usr/bin/make" "cmTC_dd0f5/fast"
/usr/bin/make -f CMakeFiles/cmTC_dd0f5.dir/build.make CMakeFiles/cmTC_dd0f5.dir/build
make[1]: ディレクトリ '/usr/local/zed/sample/svo recording/build/CMakeFiles/CMakeTmp' に入ります
Building C object CMakeFiles/cmTC_dd0f5.dir/CheckFunctionExists.c.o
/usr/bin/cc    -fPIC -DCHECK_FUNCTION_EXISTS=pthread_create   -o CMakeFiles/cmTC_dd0f5.dir/CheckFunctionExists.c.o   -c /usr/share/cmake-3.5/Modules/CheckFunctionExists.c
Linking C executable cmTC_dd0f5
/usr/bin/cmake -E cmake_link_script CMakeFiles/cmTC_dd0f5.dir/link.txt --verbose=1
/usr/bin/cc  -fPIC -DCHECK_FUNCTION_EXISTS=pthread_create    CMakeFiles/cmTC_dd0f5.dir/CheckFunctionExists.c.o  -o cmTC_dd0f5 -rdynamic -lpthreads 
/usr/bin/ld: -lpthreads が見つかりません
collect2: error: ld returned 1 exit status
CMakeFiles/cmTC_dd0f5.dir/build.make:97: ターゲット 'cmTC_dd0f5' のレシピで失敗しました
make[1]: *** [cmTC_dd0f5] エラー 1
make[1]: ディレクトリ '/usr/local/zed/sample/svo recording/build/CMakeFiles/CMakeTmp' から出ます
Makefile:126: ターゲット 'cmTC_dd0f5/fast' のレシピで失敗しました
make: *** [cmTC_dd0f5/fast] エラー 2


