Determining if the pthread_create exist failed with the following output:
Change Dir: /usr/local/zed/sample/spatial mapping/build/CMakeFiles/CMakeTmp

Run Build Command:"/usr/bin/make" "cmTC_3d593/fast"
/usr/bin/make -f CMakeFiles/cmTC_3d593.dir/build.make CMakeFiles/cmTC_3d593.dir/build
make[1]: ディレクトリ '/usr/local/zed/sample/spatial mapping/build/CMakeFiles/CMakeTmp' に入ります
Building C object CMakeFiles/cmTC_3d593.dir/CheckSymbolExists.c.o
/usr/bin/cc    -fPIC    -o CMakeFiles/cmTC_3d593.dir/CheckSymbolExists.c.o   -c "/usr/local/zed/sample/spatial mapping/build/CMakeFiles/CMakeTmp/CheckSymbolExists.c"
Linking C executable cmTC_3d593
/usr/bin/cmake -E cmake_link_script CMakeFiles/cmTC_3d593.dir/link.txt --verbose=1
/usr/bin/cc  -fPIC     CMakeFiles/cmTC_3d593.dir/CheckSymbolExists.c.o  -o cmTC_3d593 -rdynamic 
CMakeFiles/cmTC_3d593.dir/CheckSymbolExists.c.o: 関数 `main' 内:
CheckSymbolExists.c:(.text+0x1b): `pthread_create' に対する定義されていない参照です
collect2: error: ld returned 1 exit status
CMakeFiles/cmTC_3d593.dir/build.make:97: ターゲット 'cmTC_3d593' のレシピで失敗しました
make[1]: *** [cmTC_3d593] エラー 1
make[1]: ディレクトリ '/usr/local/zed/sample/spatial mapping/build/CMakeFiles/CMakeTmp' から出ます
Makefile:126: ターゲット 'cmTC_3d593/fast' のレシピで失敗しました
make: *** [cmTC_3d593/fast] エラー 2

File /usr/local/zed/sample/spatial mapping/build/CMakeFiles/CMakeTmp/CheckSymbolExists.c:
/* */
#include <pthread.h>

int main(int argc, char** argv)
{
  (void)argv;
#ifndef pthread_create
  return ((int*)(&pthread_create))[argc];
#else
  (void)argc;
  return 0;
#endif
}

Determining if the function pthread_create exists in the pthreads failed with the following output:
Change Dir: /usr/local/zed/sample/spatial mapping/build/CMakeFiles/CMakeTmp

Run Build Command:"/usr/bin/make" "cmTC_0ac31/fast"
/usr/bin/make -f CMakeFiles/cmTC_0ac31.dir/build.make CMakeFiles/cmTC_0ac31.dir/build
make[1]: ディレクトリ '/usr/local/zed/sample/spatial mapping/build/CMakeFiles/CMakeTmp' に入ります
Building C object CMakeFiles/cmTC_0ac31.dir/CheckFunctionExists.c.o
/usr/bin/cc    -fPIC -DCHECK_FUNCTION_EXISTS=pthread_create   -o CMakeFiles/cmTC_0ac31.dir/CheckFunctionExists.c.o   -c /usr/share/cmake-3.5/Modules/CheckFunctionExists.c
Linking C executable cmTC_0ac31
/usr/bin/cmake -E cmake_link_script CMakeFiles/cmTC_0ac31.dir/link.txt --verbose=1
/usr/bin/cc  -fPIC -DCHECK_FUNCTION_EXISTS=pthread_create    CMakeFiles/cmTC_0ac31.dir/CheckFunctionExists.c.o  -o cmTC_0ac31 -rdynamic -lpthreads 
/usr/bin/ld: -lpthreads が見つかりません
collect2: error: ld returned 1 exit status
CMakeFiles/cmTC_0ac31.dir/build.make:97: ターゲット 'cmTC_0ac31' のレシピで失敗しました
make[1]: *** [cmTC_0ac31] エラー 1
make[1]: ディレクトリ '/usr/local/zed/sample/spatial mapping/build/CMakeFiles/CMakeTmp' から出ます
Makefile:126: ターゲット 'cmTC_0ac31/fast' のレシピで失敗しました
make: *** [cmTC_0ac31/fast] エラー 2


