Determining if the pthread_create exist failed with the following output:
Change Dir: /usr/local/zed/sample/interfaces/openCV/build/CMakeFiles/CMakeTmp

Run Build Command:"/usr/bin/make" "cmTC_55d34/fast"
/usr/bin/make -f CMakeFiles/cmTC_55d34.dir/build.make CMakeFiles/cmTC_55d34.dir/build
make[1]: ディレクトリ '/usr/local/zed/sample/interfaces/openCV/build/CMakeFiles/CMakeTmp' に入ります
Building C object CMakeFiles/cmTC_55d34.dir/CheckSymbolExists.c.o
/usr/bin/cc    -fPIC    -o CMakeFiles/cmTC_55d34.dir/CheckSymbolExists.c.o   -c /usr/local/zed/sample/interfaces/openCV/build/CMakeFiles/CMakeTmp/CheckSymbolExists.c
Linking C executable cmTC_55d34
/usr/bin/cmake -E cmake_link_script CMakeFiles/cmTC_55d34.dir/link.txt --verbose=1
/usr/bin/cc  -fPIC     CMakeFiles/cmTC_55d34.dir/CheckSymbolExists.c.o  -o cmTC_55d34 -rdynamic 
CMakeFiles/cmTC_55d34.dir/CheckSymbolExists.c.o: 関数 `main' 内:
CheckSymbolExists.c:(.text+0x1b): `pthread_create' に対する定義されていない参照です
collect2: error: ld returned 1 exit status
CMakeFiles/cmTC_55d34.dir/build.make:97: ターゲット 'cmTC_55d34' のレシピで失敗しました
make[1]: *** [cmTC_55d34] エラー 1
make[1]: ディレクトリ '/usr/local/zed/sample/interfaces/openCV/build/CMakeFiles/CMakeTmp' から出ます
Makefile:126: ターゲット 'cmTC_55d34/fast' のレシピで失敗しました
make: *** [cmTC_55d34/fast] エラー 2

File /usr/local/zed/sample/interfaces/openCV/build/CMakeFiles/CMakeTmp/CheckSymbolExists.c:
/* */
#include <pthread.h>

int main(int argc, char** argv)
{
  (void)argv;
#ifndef pthread_create
  return ((int*)(&pthread_create))[argc];
#else
  (void)argc;
  return 0;
#endif
}

Determining if the function pthread_create exists in the pthreads failed with the following output:
Change Dir: /usr/local/zed/sample/interfaces/openCV/build/CMakeFiles/CMakeTmp

Run Build Command:"/usr/bin/make" "cmTC_d046e/fast"
/usr/bin/make -f CMakeFiles/cmTC_d046e.dir/build.make CMakeFiles/cmTC_d046e.dir/build
make[1]: ディレクトリ '/usr/local/zed/sample/interfaces/openCV/build/CMakeFiles/CMakeTmp' に入ります
Building C object CMakeFiles/cmTC_d046e.dir/CheckFunctionExists.c.o
/usr/bin/cc    -fPIC -DCHECK_FUNCTION_EXISTS=pthread_create   -o CMakeFiles/cmTC_d046e.dir/CheckFunctionExists.c.o   -c /usr/share/cmake-3.5/Modules/CheckFunctionExists.c
Linking C executable cmTC_d046e
/usr/bin/cmake -E cmake_link_script CMakeFiles/cmTC_d046e.dir/link.txt --verbose=1
/usr/bin/cc  -fPIC -DCHECK_FUNCTION_EXISTS=pthread_create    CMakeFiles/cmTC_d046e.dir/CheckFunctionExists.c.o  -o cmTC_d046e -rdynamic -lpthreads 
/usr/bin/ld: -lpthreads が見つかりません
collect2: error: ld returned 1 exit status
CMakeFiles/cmTC_d046e.dir/build.make:97: ターゲット 'cmTC_d046e' のレシピで失敗しました
make[1]: *** [cmTC_d046e] エラー 1
make[1]: ディレクトリ '/usr/local/zed/sample/interfaces/openCV/build/CMakeFiles/CMakeTmp' から出ます
Makefile:126: ターゲット 'cmTC_d046e/fast' のレシピで失敗しました
make: *** [cmTC_d046e/fast] エラー 2


